<?xml version="1.0" encoding="UTF-8"?>
<!-- Generated by org.testng.reporters.JUnitReportReporter -->
<testsuite hostname="Windows7" failures="0" tests="1" name="com.Vtiger.CreateOrg" time="16.655" errors="0" timestamp="2021-10-22T00:42:52 IST" skipped="0">
  <testcase classname="com.Vtiger.CreateOrg" name="createorgnaization" time="16.655"/>
  <system-out/>
</testsuite> <!-- com.Vtiger.CreateOrg -->
