<?xml version="1.0" encoding="UTF-8"?>
<!-- Generated by org.testng.reporters.JUnitReportReporter -->
<testsuite hostname="Windows7" failures="0" tests="1" name="practice.testngpriorties" time="0.014" errors="0" timestamp="20 Oct 2021 12:01:11 GMT" skipped="0">
  <testcase classname="practice.testngpriorties" name="modifyOrg" time="0.014"/>
</testsuite> <!-- practice.testngpriorties -->
