<?xml version="1.0" encoding="UTF-8"?>
<!-- Generated by org.testng.reporters.JUnitReportReporter -->
<testsuite hostname="Windows7" failures="0" tests="1" name="com.Vtiger.Contactmodule" time="23.967" errors="0" timestamp="2021-10-22T00:55:06 IST" skipped="0">
  <testcase classname="com.Vtiger.Contactmodule" name="createcontact" time="23.967"/>
  <system-out/>
</testsuite> <!-- com.Vtiger.Contactmodule -->
