<?xml version="1.0" encoding="UTF-8"?>
<!-- Generated by org.testng.reporters.JUnitReportReporter -->
<testsuite hostname="Windows7" failures="0" tests="1" name="com.Vtiger.Contactmodule$TC_002_CreateContactmodule" time="57.421" errors="0" timestamp="08 Oct 2021 10:28:15 GMT" skipped="0">
  <testcase classname="com.Vtiger.Contactmodule$TC_002_CreateContactmodule" name="createcontact" time="57.421"/>
</testsuite> <!-- com.Vtiger.Contactmodule$TC_002_CreateContactmodule -->
