<?xml version="1.0" encoding="UTF-8"?>
<!-- Generated by org.testng.reporters.JUnitReportReporter -->
<testsuite hostname="Windows7" failures="0" tests="1" name="practice.TestCase001" time="100.593" errors="0" timestamp="11 Oct 2021 03:53:42 GMT" skipped="0">
  <testcase classname="practice.TestCase001" name="Tc01_TestCase" time="100.593"/>
</testsuite> <!-- practice.TestCase001 -->
