<?xml version="1.0" encoding="UTF-8"?>
<!-- Generated by org.testng.reporters.JUnitReportReporter -->
<testsuite hostname="Windows7" failures="0" tests="1" name="practice.Testcase002$TestCase_001_Createmobilenmbr" time="21.803" errors="0" timestamp="10 Oct 2021 15:36:11 GMT" skipped="0">
  <testcase classname="practice.Testcase002$TestCase_001_Createmobilenmbr" name="createcontact" time="21.803"/>
</testsuite> <!-- practice.Testcase002$TestCase_001_Createmobilenmbr -->
