<?xml version="1.0" encoding="UTF-8"?>
<!-- Generated by org.testng.reporters.JUnitReportReporter -->
<testsuite hostname="Windows7" failures="0" tests="1" name="com.Vtiger.Cswitcwindow$TC_003_Cswitchwindow" time="38.113" errors="0" timestamp="08 Oct 2021 10:49:54 GMT" skipped="0">
  <testcase classname="com.Vtiger.Cswitcwindow$TC_003_Cswitchwindow" name="CreateContact" time="38.113"/>
</testsuite> <!-- com.Vtiger.Cswitcwindow$TC_003_Cswitchwindow -->
