<?xml version="1.0" encoding="UTF-8"?>
<!-- Generated by org.testng.reporters.JUnitReportReporter -->
<testsuite hostname="Windows7" failures="0" tests="1" name="com.Vtiger.CreateOrg$TC_002_CreateOrgtmodule" time="28.212" errors="0" timestamp="08 Oct 2021 10:39:09 GMT" skipped="0">
  <testcase classname="com.Vtiger.CreateOrg$TC_002_CreateOrgtmodule" name="createorgnaization" time="28.212"/>
</testsuite> <!-- com.Vtiger.CreateOrg$TC_002_CreateOrgtmodule -->
