<?xml version="1.0" encoding="UTF-8"?>
<!-- Generated by org.testng.reporters.JUnitReportReporter -->
<testsuite hostname="Windows7" failures="0" tests="1" name="practice.TestCase001" time="36.669" errors="0" timestamp="20 Oct 2021 12:18:00 GMT" skipped="0">
  <testcase classname="practice.TestCase001" name="Tc01_TestCase" time="36.669"/>
</testsuite> <!-- practice.TestCase001 -->
